<?xml version="1.0" encoding="UTF-8" standalone="no"?>
<testsuite failures="0" name="cucumber.runtime.formatter.JUnitFormatter" skipped="0" tests="1" time="11.172084">
<testcase classname="Test login page" name="Testing the right credentials for user" time="11.172084">
<system-out><![CDATA[Given User should be on the login page......................................passed
When user should write on the email filed the email and password............passed
Then user should click the user button......................................passed
And user should login successfully..........................................passed
]]></system-out>
</testcase>
</testsuite>
